<?xml version="1.0" encoding="UTF-8" ?>
<testsuite tests="6" failures="1" name="TestSuite" time="3.039" errors="0" skipped="0">
  <properties>
[...]
</properties>
  <testcase classname="AnnotationsTest" name="test1" time="0.002"/>
  <testcase classname="AnnotationsTest" name="test2" time="0"/>
  <testcase classname="AnnotationsTest" name="test3" time="0.001"/>
  <testcase classname="FormTest" name="shouldSendForm" time="3.032"/>
  <testcase classname="AssertionsTest" name="shouldFail" time="0.004">
    <failure message="expected [false] but found [true]" type="java.lang.AssertionError">java.lang.AssertionError: expected [false] but found [true]
	at org.testng.Assert.fail(Assert.java:96)
	at org.testng.Assert.failNotEquals(Assert.java:776)
	at org.testng.Assert.assertFalse(Assert.java:65)
	at org.testng.Assert.assertFalse(Assert.java:75)
	at AssertionsTest.shouldFail(AssertionsTest.java:15)
</failure>
  </testcase>
  <testcase classname="AssertionsTest" name="shouldPass" time="0"/>
</testsuite>